<?xml version="1.0" encoding="UTF-8"?>
<testsuite xmlns:xsi="http://www.w3.org/2001/XMLSchema-instance" xsi:noNamespaceSchemaLocation="https://maven.apache.org/surefire/maven-surefire-plugin/xsd/surefire-test-report-3.0.xsd" version="3.0" name="dev.wsousa.StreamLambdaHandlerTest" time="3.049" tests="2" errors="0" skipped="0" failures="0">
  <properties>
    <property name="java.specification.version" value="22"/>
    <property name="sun.jnu.encoding" value="UTF-8"/>
    <property name="java.class.path" value="/home/weder/Documentos/Projects/CampusParty2024/lambda/aws-lambda-consumer/target/test-classes:/home/weder/Documentos/Projects/CampusParty2024/lambda/aws-lambda-consumer/target/classes:/home/weder/.m2/repository/com/amazonaws/serverless/aws-serverless-java-container-springboot3/2.0.3/aws-serverless-java-container-springboot3-2.0.3.jar:/home/weder/.m2/repository/org/springframework/cloud/spring-cloud-function-serverless-web/4.1.2/spring-cloud-function-serverless-web-4.1.2.jar:/home/weder/.m2/repository/com/amazonaws/serverless/aws-serverless-java-container-core/2.0.3/aws-serverless-java-container-core-2.0.3.jar:/home/weder/.m2/repository/org/slf4j/slf4j-api/2.0.13/slf4j-api-2.0.13.jar:/home/weder/.m2/repository/software/amazon/awssdk/bedrockagentruntime/2.29.6/bedrockagentruntime-2.29.6.jar:/home/weder/.m2/repository/software/amazon/awssdk/protocol-core/2.29.6/protocol-core-2.29.6.jar:/home/weder/.m2/repository/software/amazon/awssdk/aws-json-protocol/2.29.6/aws-json-protocol-2.29.6.jar:/home/weder/.m2/repository/software/amazon/awssdk/third-party-jackson-core/2.29.6/third-party-jackson-core-2.29.6.jar:/home/weder/.m2/repository/software/amazon/awssdk/http-auth-aws/2.29.6/http-auth-aws-2.29.6.jar:/home/weder/.m2/repository/software/amazon/awssdk/checksums-spi/2.29.6/checksums-spi-2.29.6.jar:/home/weder/.m2/repository/software/amazon/awssdk/checksums/2.29.6/checksums-2.29.6.jar:/home/weder/.m2/repository/software/amazon/awssdk/sdk-core/2.29.6/sdk-core-2.29.6.jar:/home/weder/.m2/repository/software/amazon/awssdk/profiles/2.29.6/profiles-2.29.6.jar:/home/weder/.m2/repository/software/amazon/awssdk/retries/2.29.6/retries-2.29.6.jar:/home/weder/.m2/repository/org/reactivestreams/reactive-streams/1.0.4/reactive-streams-1.0.4.jar:/home/weder/.m2/repository/software/amazon/awssdk/auth/2.29.6/auth-2.29.6.jar:/home/weder/.m2/repository/software/amazon/awssdk/http-auth-aws-eventstream/2.29.6/http-auth-aws-eventstream-2.29.6.jar:/home/weder/.m2/repository/software/amazon/eventstream/eventstream/1.0.1/eventstream-1.0.1.jar:/home/weder/.m2/repository/software/amazon/awssdk/http-auth-spi/2.29.6/http-auth-spi-2.29.6.jar:/home/weder/.m2/repository/software/amazon/awssdk/http-auth/2.29.6/http-auth-2.29.6.jar:/home/weder/.m2/repository/software/amazon/awssdk/identity-spi/2.29.6/identity-spi-2.29.6.jar:/home/weder/.m2/repository/software/amazon/awssdk/http-client-spi/2.29.6/http-client-spi-2.29.6.jar:/home/weder/.m2/repository/software/amazon/awssdk/regions/2.29.6/regions-2.29.6.jar:/home/weder/.m2/repository/software/amazon/awssdk/annotations/2.29.6/annotations-2.29.6.jar:/home/weder/.m2/repository/software/amazon/awssdk/utils/2.29.6/utils-2.29.6.jar:/home/weder/.m2/repository/software/amazon/awssdk/aws-core/2.29.6/aws-core-2.29.6.jar:/home/weder/.m2/repository/software/amazon/awssdk/metrics-spi/2.29.6/metrics-spi-2.29.6.jar:/home/weder/.m2/repository/software/amazon/awssdk/json-utils/2.29.6/json-utils-2.29.6.jar:/home/weder/.m2/repository/software/amazon/awssdk/endpoints-spi/2.29.6/endpoints-spi-2.29.6.jar:/home/weder/.m2/repository/software/amazon/awssdk/retries-spi/2.29.6/retries-spi-2.29.6.jar:/home/weder/.m2/repository/software/amazon/awssdk/apache-client/2.29.6/apache-client-2.29.6.jar:/home/weder/.m2/repository/org/apache/httpcomponents/httpclient/4.5.13/httpclient-4.5.13.jar:/home/weder/.m2/repository/commons-logging/commons-logging/1.2/commons-logging-1.2.jar:/home/weder/.m2/repository/org/apache/httpcomponents/httpcore/4.4.16/httpcore-4.4.16.jar:/home/weder/.m2/repository/commons-codec/commons-codec/1.16.1/commons-codec-1.16.1.jar:/home/weder/.m2/repository/software/amazon/awssdk/netty-nio-client/2.29.6/netty-nio-client-2.29.6.jar:/home/weder/.m2/repository/io/netty/netty-codec-http/4.1.110.Final/netty-codec-http-4.1.110.Final.jar:/home/weder/.m2/repository/io/netty/netty-codec-http2/4.1.110.Final/netty-codec-http2-4.1.110.Final.jar:/home/weder/.m2/repository/io/netty/netty-codec/4.1.110.Final/netty-codec-4.1.110.Final.jar:/home/weder/.m2/repository/io/netty/netty-transport/4.1.110.Final/netty-transport-4.1.110.Final.jar:/home/weder/.m2/repository/io/netty/netty-common/4.1.110.Final/netty-common-4.1.110.Final.jar:/home/weder/.m2/repository/io/netty/netty-buffer/4.1.110.Final/netty-buffer-4.1.110.Final.jar:/home/weder/.m2/repository/io/netty/netty-handler/4.1.110.Final/netty-handler-4.1.110.Final.jar:/home/weder/.m2/repository/io/netty/netty-transport-native-unix-common/4.1.110.Final/netty-transport-native-unix-common-4.1.110.Final.jar:/home/weder/.m2/repository/io/netty/netty-transport-classes-epoll/4.1.110.Final/netty-transport-classes-epoll-4.1.110.Final.jar:/home/weder/.m2/repository/io/netty/netty-resolver/4.1.110.Final/netty-resolver-4.1.110.Final.jar:/home/weder/.m2/repository/software/amazon/awssdk/bedrock/2.29.6/bedrock-2.29.6.jar:/home/weder/.m2/repository/software/amazon/awssdk/bedrockruntime/2.29.6/bedrockruntime-2.29.6.jar:/home/weder/.m2/repository/org/projectlombok/lombok/1.18.32/lombok-1.18.32.jar:/home/weder/.m2/repository/com/amazonaws/serverless/aws-serverless-java-container-core/2.0.2/aws-serverless-java-container-core-2.0.2-tests.jar:/home/weder/.m2/repository/com/amazonaws/aws-lambda-java-core/1.2.3/aws-lambda-java-core-1.2.3.jar:/home/weder/.m2/repository/jakarta/servlet/jakarta.servlet-api/6.0.0/jakarta.servlet-api-6.0.0.jar:/home/weder/.m2/repository/jakarta/ws/rs/jakarta.ws.rs-api/3.1.0/jakarta.ws.rs-api-3.1.0.jar:/home/weder/.m2/repository/com/fasterxml/jackson/core/jackson-databind/2.15.4/jackson-databind-2.15.4.jar:/home/weder/.m2/repository/com/fasterxml/jackson/core/jackson-annotations/2.15.4/jackson-annotations-2.15.4.jar:/home/weder/.m2/repository/com/fasterxml/jackson/core/jackson-core/2.15.4/jackson-core-2.15.4.jar:/home/weder/.m2/repository/com/fasterxml/jackson/module/jackson-module-afterburner/2.15.4/jackson-module-afterburner-2.15.4.jar:/home/weder/.m2/repository/org/apache/commons/commons-fileupload2-jakarta-servlet6/2.0.0-M2/commons-fileupload2-jakarta-servlet6-2.0.0-M2.jar:/home/weder/.m2/repository/org/apache/commons/commons-fileupload2-core/2.0.0-M2/commons-fileupload2-core-2.0.0-M2.jar:/home/weder/.m2/repository/commons-io/commons-io/2.15.1/commons-io-2.15.1.jar:/home/weder/.m2/repository/org/apache/httpcomponents/client5/httpclient5/5.2.1/httpclient5-5.2.1.jar:/home/weder/.m2/repository/org/apache/httpcomponents/core5/httpcore5/5.2.4/httpcore5-5.2.4.jar:/home/weder/.m2/repository/org/apache/httpcomponents/core5/httpcore5-h2/5.2.4/httpcore5-h2-5.2.4.jar:/home/weder/.m2/repository/org/springframework/boot/spring-boot-starter-web/3.2.6/spring-boot-starter-web-3.2.6.jar:/home/weder/.m2/repository/org/springframework/boot/spring-boot-starter/3.2.6/spring-boot-starter-3.2.6.jar:/home/weder/.m2/repository/org/springframework/boot/spring-boot/3.2.6/spring-boot-3.2.6.jar:/home/weder/.m2/repository/org/springframework/boot/spring-boot-autoconfigure/3.2.6/spring-boot-autoconfigure-3.2.6.jar:/home/weder/.m2/repository/org/springframework/boot/spring-boot-starter-logging/3.2.6/spring-boot-starter-logging-3.2.6.jar:/home/weder/.m2/repository/ch/qos/logback/logback-classic/1.4.14/logback-classic-1.4.14.jar:/home/weder/.m2/repository/ch/qos/logback/logback-core/1.4.14/logback-core-1.4.14.jar:/home/weder/.m2/repository/org/apache/logging/log4j/log4j-to-slf4j/2.21.1/log4j-to-slf4j-2.21.1.jar:/home/weder/.m2/repository/org/apache/logging/log4j/log4j-api/2.21.1/log4j-api-2.21.1.jar:/home/weder/.m2/repository/org/slf4j/jul-to-slf4j/2.0.13/jul-to-slf4j-2.0.13.jar:/home/weder/.m2/repository/jakarta/annotation/jakarta.annotation-api/2.1.1/jakarta.annotation-api-2.1.1.jar:/home/weder/.m2/repository/org/springframework/spring-core/6.1.8/spring-core-6.1.8.jar:/home/weder/.m2/repository/org/springframework/spring-jcl/6.1.8/spring-jcl-6.1.8.jar:/home/weder/.m2/repository/org/yaml/snakeyaml/2.2/snakeyaml-2.2.jar:/home/weder/.m2/repository/org/springframework/boot/spring-boot-starter-json/3.2.6/spring-boot-starter-json-3.2.6.jar:/home/weder/.m2/repository/com/fasterxml/jackson/datatype/jackson-datatype-jdk8/2.15.4/jackson-datatype-jdk8-2.15.4.jar:/home/weder/.m2/repository/com/fasterxml/jackson/datatype/jackson-datatype-jsr310/2.15.4/jackson-datatype-jsr310-2.15.4.jar:/home/weder/.m2/repository/com/fasterxml/jackson/module/jackson-module-parameter-names/2.15.4/jackson-module-parameter-names-2.15.4.jar:/home/weder/.m2/repository/org/springframework/spring-web/6.1.8/spring-web-6.1.8.jar:/home/weder/.m2/repository/org/springframework/spring-beans/6.1.8/spring-beans-6.1.8.jar:/home/weder/.m2/repository/io/micrometer/micrometer-observation/1.12.6/micrometer-observation-1.12.6.jar:/home/weder/.m2/repository/io/micrometer/micrometer-commons/1.12.6/micrometer-commons-1.12.6.jar:/home/weder/.m2/repository/org/springframework/spring-webmvc/6.1.8/spring-webmvc-6.1.8.jar:/home/weder/.m2/repository/org/springframework/spring-aop/6.1.8/spring-aop-6.1.8.jar:/home/weder/.m2/repository/org/springframework/spring-context/6.1.8/spring-context-6.1.8.jar:/home/weder/.m2/repository/org/springframework/spring-expression/6.1.8/spring-expression-6.1.8.jar:/home/weder/.m2/repository/org/junit/jupiter/junit-jupiter/5.10.2/junit-jupiter-5.10.2.jar:/home/weder/.m2/repository/org/junit/jupiter/junit-jupiter-api/5.10.2/junit-jupiter-api-5.10.2.jar:/home/weder/.m2/repository/org/opentest4j/opentest4j/1.3.0/opentest4j-1.3.0.jar:/home/weder/.m2/repository/org/junit/platform/junit-platform-commons/1.10.2/junit-platform-commons-1.10.2.jar:/home/weder/.m2/repository/org/apiguardian/apiguardian-api/1.1.2/apiguardian-api-1.1.2.jar:/home/weder/.m2/repository/org/junit/jupiter/junit-jupiter-params/5.10.2/junit-jupiter-params-5.10.2.jar:/home/weder/.m2/repository/org/junit/jupiter/junit-jupiter-engine/5.10.2/junit-jupiter-engine-5.10.2.jar:/home/weder/.m2/repository/org/junit/platform/junit-platform-engine/1.10.2/junit-platform-engine-1.10.2.jar:"/>
    <property name="java.vm.vendor" value="Oracle Corporation"/>
    <property name="sun.arch.data.model" value="64"/>
    <property name="java.vendor.url" value="https://java.oracle.com/"/>
    <property name="user.timezone" value="America/Sao_Paulo"/>
    <property name="os.name" value="Linux"/>
    <property name="java.vm.specification.version" value="22"/>
    <property name="sun.java.launcher" value="SUN_STANDARD"/>
    <property name="user.country" value="BR"/>
    <property name="sun.boot.library.path" value="/home/weder/.jdks/openjdk-22.0.1/lib"/>
    <property name="sun.java.command" value="/home/weder/Documentos/Projects/CampusParty2024/lambda/aws-lambda-consumer/target/surefire/surefirebooter-20241126175838084_3.jar /home/weder/Documentos/Projects/CampusParty2024/lambda/aws-lambda-consumer/target/surefire 2024-11-26T17-58-37_965-jvmRun1 surefire-20241126175838084_1tmp surefire_0-20241126175838084_2tmp"/>
    <property name="jdk.debug" value="release"/>
    <property name="surefire.test.class.path" value="/home/weder/Documentos/Projects/CampusParty2024/lambda/aws-lambda-consumer/target/test-classes:/home/weder/Documentos/Projects/CampusParty2024/lambda/aws-lambda-consumer/target/classes:/home/weder/.m2/repository/com/amazonaws/serverless/aws-serverless-java-container-springboot3/2.0.3/aws-serverless-java-container-springboot3-2.0.3.jar:/home/weder/.m2/repository/org/springframework/cloud/spring-cloud-function-serverless-web/4.1.2/spring-cloud-function-serverless-web-4.1.2.jar:/home/weder/.m2/repository/com/amazonaws/serverless/aws-serverless-java-container-core/2.0.3/aws-serverless-java-container-core-2.0.3.jar:/home/weder/.m2/repository/org/slf4j/slf4j-api/2.0.13/slf4j-api-2.0.13.jar:/home/weder/.m2/repository/software/amazon/awssdk/bedrockagentruntime/2.29.6/bedrockagentruntime-2.29.6.jar:/home/weder/.m2/repository/software/amazon/awssdk/protocol-core/2.29.6/protocol-core-2.29.6.jar:/home/weder/.m2/repository/software/amazon/awssdk/aws-json-protocol/2.29.6/aws-json-protocol-2.29.6.jar:/home/weder/.m2/repository/software/amazon/awssdk/third-party-jackson-core/2.29.6/third-party-jackson-core-2.29.6.jar:/home/weder/.m2/repository/software/amazon/awssdk/http-auth-aws/2.29.6/http-auth-aws-2.29.6.jar:/home/weder/.m2/repository/software/amazon/awssdk/checksums-spi/2.29.6/checksums-spi-2.29.6.jar:/home/weder/.m2/repository/software/amazon/awssdk/checksums/2.29.6/checksums-2.29.6.jar:/home/weder/.m2/repository/software/amazon/awssdk/sdk-core/2.29.6/sdk-core-2.29.6.jar:/home/weder/.m2/repository/software/amazon/awssdk/profiles/2.29.6/profiles-2.29.6.jar:/home/weder/.m2/repository/software/amazon/awssdk/retries/2.29.6/retries-2.29.6.jar:/home/weder/.m2/repository/org/reactivestreams/reactive-streams/1.0.4/reactive-streams-1.0.4.jar:/home/weder/.m2/repository/software/amazon/awssdk/auth/2.29.6/auth-2.29.6.jar:/home/weder/.m2/repository/software/amazon/awssdk/http-auth-aws-eventstream/2.29.6/http-auth-aws-eventstream-2.29.6.jar:/home/weder/.m2/repository/software/amazon/eventstream/eventstream/1.0.1/eventstream-1.0.1.jar:/home/weder/.m2/repository/software/amazon/awssdk/http-auth-spi/2.29.6/http-auth-spi-2.29.6.jar:/home/weder/.m2/repository/software/amazon/awssdk/http-auth/2.29.6/http-auth-2.29.6.jar:/home/weder/.m2/repository/software/amazon/awssdk/identity-spi/2.29.6/identity-spi-2.29.6.jar:/home/weder/.m2/repository/software/amazon/awssdk/http-client-spi/2.29.6/http-client-spi-2.29.6.jar:/home/weder/.m2/repository/software/amazon/awssdk/regions/2.29.6/regions-2.29.6.jar:/home/weder/.m2/repository/software/amazon/awssdk/annotations/2.29.6/annotations-2.29.6.jar:/home/weder/.m2/repository/software/amazon/awssdk/utils/2.29.6/utils-2.29.6.jar:/home/weder/.m2/repository/software/amazon/awssdk/aws-core/2.29.6/aws-core-2.29.6.jar:/home/weder/.m2/repository/software/amazon/awssdk/metrics-spi/2.29.6/metrics-spi-2.29.6.jar:/home/weder/.m2/repository/software/amazon/awssdk/json-utils/2.29.6/json-utils-2.29.6.jar:/home/weder/.m2/repository/software/amazon/awssdk/endpoints-spi/2.29.6/endpoints-spi-2.29.6.jar:/home/weder/.m2/repository/software/amazon/awssdk/retries-spi/2.29.6/retries-spi-2.29.6.jar:/home/weder/.m2/repository/software/amazon/awssdk/apache-client/2.29.6/apache-client-2.29.6.jar:/home/weder/.m2/repository/org/apache/httpcomponents/httpclient/4.5.13/httpclient-4.5.13.jar:/home/weder/.m2/repository/commons-logging/commons-logging/1.2/commons-logging-1.2.jar:/home/weder/.m2/repository/org/apache/httpcomponents/httpcore/4.4.16/httpcore-4.4.16.jar:/home/weder/.m2/repository/commons-codec/commons-codec/1.16.1/commons-codec-1.16.1.jar:/home/weder/.m2/repository/software/amazon/awssdk/netty-nio-client/2.29.6/netty-nio-client-2.29.6.jar:/home/weder/.m2/repository/io/netty/netty-codec-http/4.1.110.Final/netty-codec-http-4.1.110.Final.jar:/home/weder/.m2/repository/io/netty/netty-codec-http2/4.1.110.Final/netty-codec-http2-4.1.110.Final.jar:/home/weder/.m2/repository/io/netty/netty-codec/4.1.110.Final/netty-codec-4.1.110.Final.jar:/home/weder/.m2/repository/io/netty/netty-transport/4.1.110.Final/netty-transport-4.1.110.Final.jar:/home/weder/.m2/repository/io/netty/netty-common/4.1.110.Final/netty-common-4.1.110.Final.jar:/home/weder/.m2/repository/io/netty/netty-buffer/4.1.110.Final/netty-buffer-4.1.110.Final.jar:/home/weder/.m2/repository/io/netty/netty-handler/4.1.110.Final/netty-handler-4.1.110.Final.jar:/home/weder/.m2/repository/io/netty/netty-transport-native-unix-common/4.1.110.Final/netty-transport-native-unix-common-4.1.110.Final.jar:/home/weder/.m2/repository/io/netty/netty-transport-classes-epoll/4.1.110.Final/netty-transport-classes-epoll-4.1.110.Final.jar:/home/weder/.m2/repository/io/netty/netty-resolver/4.1.110.Final/netty-resolver-4.1.110.Final.jar:/home/weder/.m2/repository/software/amazon/awssdk/bedrock/2.29.6/bedrock-2.29.6.jar:/home/weder/.m2/repository/software/amazon/awssdk/bedrockruntime/2.29.6/bedrockruntime-2.29.6.jar:/home/weder/.m2/repository/org/projectlombok/lombok/1.18.32/lombok-1.18.32.jar:/home/weder/.m2/repository/com/amazonaws/serverless/aws-serverless-java-container-core/2.0.2/aws-serverless-java-container-core-2.0.2-tests.jar:/home/weder/.m2/repository/com/amazonaws/aws-lambda-java-core/1.2.3/aws-lambda-java-core-1.2.3.jar:/home/weder/.m2/repository/jakarta/servlet/jakarta.servlet-api/6.0.0/jakarta.servlet-api-6.0.0.jar:/home/weder/.m2/repository/jakarta/ws/rs/jakarta.ws.rs-api/3.1.0/jakarta.ws.rs-api-3.1.0.jar:/home/weder/.m2/repository/com/fasterxml/jackson/core/jackson-databind/2.15.4/jackson-databind-2.15.4.jar:/home/weder/.m2/repository/com/fasterxml/jackson/core/jackson-annotations/2.15.4/jackson-annotations-2.15.4.jar:/home/weder/.m2/repository/com/fasterxml/jackson/core/jackson-core/2.15.4/jackson-core-2.15.4.jar:/home/weder/.m2/repository/com/fasterxml/jackson/module/jackson-module-afterburner/2.15.4/jackson-module-afterburner-2.15.4.jar:/home/weder/.m2/repository/org/apache/commons/commons-fileupload2-jakarta-servlet6/2.0.0-M2/commons-fileupload2-jakarta-servlet6-2.0.0-M2.jar:/home/weder/.m2/repository/org/apache/commons/commons-fileupload2-core/2.0.0-M2/commons-fileupload2-core-2.0.0-M2.jar:/home/weder/.m2/repository/commons-io/commons-io/2.15.1/commons-io-2.15.1.jar:/home/weder/.m2/repository/org/apache/httpcomponents/client5/httpclient5/5.2.1/httpclient5-5.2.1.jar:/home/weder/.m2/repository/org/apache/httpcomponents/core5/httpcore5/5.2.4/httpcore5-5.2.4.jar:/home/weder/.m2/repository/org/apache/httpcomponents/core5/httpcore5-h2/5.2.4/httpcore5-h2-5.2.4.jar:/home/weder/.m2/repository/org/springframework/boot/spring-boot-starter-web/3.2.6/spring-boot-starter-web-3.2.6.jar:/home/weder/.m2/repository/org/springframework/boot/spring-boot-starter/3.2.6/spring-boot-starter-3.2.6.jar:/home/weder/.m2/repository/org/springframework/boot/spring-boot/3.2.6/spring-boot-3.2.6.jar:/home/weder/.m2/repository/org/springframework/boot/spring-boot-autoconfigure/3.2.6/spring-boot-autoconfigure-3.2.6.jar:/home/weder/.m2/repository/org/springframework/boot/spring-boot-starter-logging/3.2.6/spring-boot-starter-logging-3.2.6.jar:/home/weder/.m2/repository/ch/qos/logback/logback-classic/1.4.14/logback-classic-1.4.14.jar:/home/weder/.m2/repository/ch/qos/logback/logback-core/1.4.14/logback-core-1.4.14.jar:/home/weder/.m2/repository/org/apache/logging/log4j/log4j-to-slf4j/2.21.1/log4j-to-slf4j-2.21.1.jar:/home/weder/.m2/repository/org/apache/logging/log4j/log4j-api/2.21.1/log4j-api-2.21.1.jar:/home/weder/.m2/repository/org/slf4j/jul-to-slf4j/2.0.13/jul-to-slf4j-2.0.13.jar:/home/weder/.m2/repository/jakarta/annotation/jakarta.annotation-api/2.1.1/jakarta.annotation-api-2.1.1.jar:/home/weder/.m2/repository/org/springframework/spring-core/6.1.8/spring-core-6.1.8.jar:/home/weder/.m2/repository/org/springframework/spring-jcl/6.1.8/spring-jcl-6.1.8.jar:/home/weder/.m2/repository/org/yaml/snakeyaml/2.2/snakeyaml-2.2.jar:/home/weder/.m2/repository/org/springframework/boot/spring-boot-starter-json/3.2.6/spring-boot-starter-json-3.2.6.jar:/home/weder/.m2/repository/com/fasterxml/jackson/datatype/jackson-datatype-jdk8/2.15.4/jackson-datatype-jdk8-2.15.4.jar:/home/weder/.m2/repository/com/fasterxml/jackson/datatype/jackson-datatype-jsr310/2.15.4/jackson-datatype-jsr310-2.15.4.jar:/home/weder/.m2/repository/com/fasterxml/jackson/module/jackson-module-parameter-names/2.15.4/jackson-module-parameter-names-2.15.4.jar:/home/weder/.m2/repository/org/springframework/spring-web/6.1.8/spring-web-6.1.8.jar:/home/weder/.m2/repository/org/springframework/spring-beans/6.1.8/spring-beans-6.1.8.jar:/home/weder/.m2/repository/io/micrometer/micrometer-observation/1.12.6/micrometer-observation-1.12.6.jar:/home/weder/.m2/repository/io/micrometer/micrometer-commons/1.12.6/micrometer-commons-1.12.6.jar:/home/weder/.m2/repository/org/springframework/spring-webmvc/6.1.8/spring-webmvc-6.1.8.jar:/home/weder/.m2/repository/org/springframework/spring-aop/6.1.8/spring-aop-6.1.8.jar:/home/weder/.m2/repository/org/springframework/spring-context/6.1.8/spring-context-6.1.8.jar:/home/weder/.m2/repository/org/springframework/spring-expression/6.1.8/spring-expression-6.1.8.jar:/home/weder/.m2/repository/org/junit/jupiter/junit-jupiter/5.10.2/junit-jupiter-5.10.2.jar:/home/weder/.m2/repository/org/junit/jupiter/junit-jupiter-api/5.10.2/junit-jupiter-api-5.10.2.jar:/home/weder/.m2/repository/org/opentest4j/opentest4j/1.3.0/opentest4j-1.3.0.jar:/home/weder/.m2/repository/org/junit/platform/junit-platform-commons/1.10.2/junit-platform-commons-1.10.2.jar:/home/weder/.m2/repository/org/apiguardian/apiguardian-api/1.1.2/apiguardian-api-1.1.2.jar:/home/weder/.m2/repository/org/junit/jupiter/junit-jupiter-params/5.10.2/junit-jupiter-params-5.10.2.jar:/home/weder/.m2/repository/org/junit/jupiter/junit-jupiter-engine/5.10.2/junit-jupiter-engine-5.10.2.jar:/home/weder/.m2/repository/org/junit/platform/junit-platform-engine/1.10.2/junit-platform-engine-1.10.2.jar:"/>
    <property name="sun.cpu.endian" value="little"/>
    <property name="user.home" value="/home/weder"/>
    <property name="user.language" value="pt"/>
    <property name="java.specification.vendor" value="Oracle Corporation"/>
    <property name="java.version.date" value="2024-04-16"/>
    <property name="java.home" value="/home/weder/.jdks/openjdk-22.0.1"/>
    <property name="file.separator" value="/"/>
    <property name="basedir" value="/home/weder/Documentos/Projects/CampusParty2024/lambda/aws-lambda-consumer"/>
    <property name="java.vm.compressedOopsMode" value="Zero based"/>
    <property name="line.separator" value="&#10;"/>
    <property name="java.vm.specification.vendor" value="Oracle Corporation"/>
    <property name="java.specification.name" value="Java Platform API Specification"/>
    <property name="FILE_LOG_CHARSET" value="UTF-8"/>
    <property name="java.awt.headless" value="true"/>
    <property name="surefire.real.class.path" value="/home/weder/Documentos/Projects/CampusParty2024/lambda/aws-lambda-consumer/target/surefire/surefirebooter-20241126175838084_3.jar"/>
    <property name="sun.management.compiler" value="HotSpot 64-Bit Tiered Compilers"/>
    <property name="java.runtime.version" value="22.0.1+8-16"/>
    <property name="user.name" value="weder"/>
    <property name="stdout.encoding" value="UTF-8"/>
    <property name="path.separator" value=":"/>
    <property name="os.version" value="6.8.0-48-generic"/>
    <property name="java.runtime.name" value="OpenJDK Runtime Environment"/>
    <property name="file.encoding" value="UTF-8"/>
    <property name="java.vm.name" value="OpenJDK 64-Bit Server VM"/>
    <property name="localRepository" value="/home/weder/.m2/repository"/>
    <property name="java.vendor.url.bug" value="https://bugreport.java.com/bugreport/"/>
    <property name="java.io.tmpdir" value="/tmp"/>
    <property name="idea.version" value="2024.1.3"/>
    <property name="java.version" value="22.0.1"/>
    <property name="user.dir" value="/home/weder/Documentos/Projects/CampusParty2024/lambda/aws-lambda-consumer"/>
    <property name="os.arch" value="amd64"/>
    <property name="java.vm.specification.name" value="Java Virtual Machine Specification"/>
    <property name="PID" value="38474"/>
    <property name="CONSOLE_LOG_CHARSET" value="UTF-8"/>
    <property name="native.encoding" value="UTF-8"/>
    <property name="java.library.path" value="/usr/java/packages/lib:/usr/lib64:/lib64:/lib:/usr/lib"/>
    <property name="java.vm.info" value="mixed mode, sharing"/>
    <property name="stderr.encoding" value="UTF-8"/>
    <property name="java.vendor" value="Oracle Corporation"/>
    <property name="java.vm.version" value="22.0.1+8-16"/>
    <property name="sun.io.unicode.encoding" value="UnicodeLittle"/>
    <property name="java.class.version" value="66.0"/>
  </properties>
  <testcase name="ping_streamRequest_respondsWithHello" classname="dev.wsousa.StreamLambdaHandlerTest" time="0.163">
    <system-out><![CDATA[17:58:39.127 [main] INFO com.amazonaws.serverless.proxy.internal.LambdaContainerHandler -- Starting Lambda Container Handler
Standard Commons Logging discovery in action with spring-jcl: please remove commons-logging.jar from classpath in order to avoid potential conflicts

  .   ____          _            __ _ _
 /\\ / ___'_ __ _ _(_)_ __  __ _ \ \ \ \
( ( )\___ | '_ | '_| | '_ \/ _` | \ \ \ \
 \\/  ___)| |_)| | | | | || (_| |  ) ) ) )
  '  |____| .__|_| |_|_| |_\__, | / / / /
 =========|_|==============|___/=/_/_/_/
 :: Spring Boot ::                (v3.2.6)

]]></system-out>
  </testcase>
  <testcase name="invalidResource_streamRequest_responds404" classname="dev.wsousa.StreamLambdaHandlerTest" time="0.01">
    <system-out><![CDATA[2024-11-26T17:58:41.839-03:00  WARN 38474 --- [           main] o.s.web.servlet.PageNotFound             : No mapping for GET /pong
2024-11-26T17:58:41.842-03:00  WARN 38474 --- [           main] o.s.web.servlet.PageNotFound             : No endpoint GET /pong.
]]></system-out>
  </testcase>
</testsuite>